# JRE version: OpenJDK Runtime Environment (21.0.6) (build 21.0.6+-13355223-b631.42)
# Java VM: OpenJDK 64-Bit Server VM (21.0.6+-13355223-b631.42, mixed mode, tiered, compressed oops, compressed class ptrs, g1 gc, windows-amd64)
GC Precious Log:
 CardTable entry size: 512
 Card Set container configuration: InlinePtr #cards 5 size 8 Array Of Cards #cards 12 size 40 Howl #buckets 4 coarsen threshold 1843 Howl Bitmap #cards 512 size 80 coarsen threshold 460 Card regions per heap region 1 cards per card region 2048
 CPUs: 16 total, 16 available
 Memory: 15791M
 Large Page Support: Disabled
 NUMA Support: Disabled
 Compressed Oops: Enabled (32-bit)
 Heap Region Size: 1M
 Heap Min Capacity: 8M
 Heap Initial Capacity: 248M
 Heap Max Capacity: 2G
 Pre-touch: Disabled
 Parallel Workers: 13
 Concurrent Workers: 3
 Concurrent Refinement Workers: 13
 Periodic GC: Disabled
Heap:
 garbage-first heap   total 231424K, used 138913K [0x0000000080000000, 0x0000000100000000)
  region size 1024K, 11 young (11264K), 11 survivors (11264K)
 Metaspace       used 128130K, committed 130368K, reserved 1179648K
  class space    used 17294K, committed 18432K, reserved 1048576K
GC Heap History (20 events):
Event: 12.317 GC heap after
{Heap after GC invocations=39 (full 0):
 garbage-first heap   total 180224K, used 108858K [0x0000000080000000, 0x0000000100000000)
  region size 1024K, 6 young (6144K), 6 survivors (6144K)
 Metaspace       used 111649K, committed 113856K, reserved 1179648K
  class space    used 15307K, committed 16448K, reserved 1048576K
}
Event: 12.708 GC heap before
{Heap before GC invocations=39 (full 0):
 garbage-first heap   total 180224K, used 162106K [0x0000000080000000, 0x0000000100000000)
  region size 1024K, 59 young (60416K), 6 survivors (6144K)
 Metaspace       used 112169K, committed 114368K, reserved 1179648K
  class space    used 15410K, committed 16512K, reserved 1048576K
}
Event: 12.714 GC heap after
{Heap after GC invocations=40 (full 0):
 garbage-first heap   total 180224K, used 111386K [0x0000000080000000, 0x0000000100000000)
  region size 1024K, 5 young (5120K), 5 survivors (5120K)
 Metaspace       used 112169K, committed 114368K, reserved 1179648K
  class space    used 15410K, committed 16512K, reserved 1048576K
}
Event: 12.955 GC heap before
{Heap before GC invocations=40 (full 0):
 garbage-first heap   total 180224K, used 163610K [0x0000000080000000, 0x0000000100000000)
  region size 1024K, 57 young (58368K), 5 survivors (5120K)
 Metaspace       used 112318K, committed 114496K, reserved 1179648K
  class space    used 15421K, committed 16512K, reserved 1048576K
}
Event: 12.961 GC heap after
{Heap after GC invocations=41 (full 0):
 garbage-first heap   total 180224K, used 114221K [0x0000000080000000, 0x0000000100000000)
  region size 1024K, 5 young (5120K), 5 survivors (5120K)
 Metaspace       used 112318K, committed 114496K, reserved 1179648K
  class space    used 15421K, committed 16512K, reserved 1048576K
}
Event: 13.349 GC heap before
{Heap before GC invocations=42 (full 0):
 garbage-first heap   total 191488K, used 163373K [0x0000000080000000, 0x0000000100000000)
  region size 1024K, 54 young (55296K), 5 survivors (5120K)
 Metaspace       used 113533K, committed 115712K, reserved 1179648K
  class space    used 15606K, committed 16704K, reserved 1048576K
}
Event: 13.353 GC heap after
{Heap after GC invocations=43 (full 0):
 garbage-first heap   total 191488K, used 115732K [0x0000000080000000, 0x0000000100000000)
  region size 1024K, 3 young (3072K), 3 survivors (3072K)
 Metaspace       used 113533K, committed 115712K, reserved 1179648K
  class space    used 15606K, committed 16704K, reserved 1048576K
}
Event: 13.473 GC heap before
{Heap before GC invocations=43 (full 0):
 garbage-first heap   total 191488K, used 175124K [0x0000000080000000, 0x0000000100000000)
  region size 1024K, 62 young (63488K), 3 survivors (3072K)
 Metaspace       used 113716K, committed 115904K, reserved 1179648K
  class space    used 15628K, committed 16768K, reserved 1048576K
}
Event: 13.479 GC heap after
{Heap after GC invocations=44 (full 0):
 garbage-first heap   total 230400K, used 115665K [0x0000000080000000, 0x0000000100000000)
  region size 1024K, 4 young (4096K), 4 survivors (4096K)
 Metaspace       used 113716K, committed 115904K, reserved 1179648K
  class space    used 15628K, committed 16768K, reserved 1048576K
}
Event: 13.767 GC heap before
{Heap before GC invocations=44 (full 0):
 garbage-first heap   total 230400K, used 194513K [0x0000000080000000, 0x0000000100000000)
  region size 1024K, 83 young (84992K), 4 survivors (4096K)
 Metaspace       used 114759K, committed 116992K, reserved 1179648K
  class space    used 15732K, committed 16832K, reserved 1048576K
}
Event: 13.771 GC heap after
{Heap after GC invocations=45 (full 0):
 garbage-first heap   total 230400K, used 118514K [0x0000000080000000, 0x0000000100000000)
  region size 1024K, 7 young (7168K), 7 survivors (7168K)
 Metaspace       used 114759K, committed 116992K, reserved 1179648K
  class space    used 15732K, committed 16832K, reserved 1048576K
}
Event: 14.049 GC heap before
{Heap before GC invocations=46 (full 0):
 garbage-first heap   total 230400K, used 210674K [0x0000000080000000, 0x0000000100000000)
  region size 1024K, 96 young (98304K), 7 survivors (7168K)
 Metaspace       used 117900K, committed 120064K, reserved 1179648K
  class space    used 15978K, committed 17088K, reserved 1048576K
}
Event: 14.056 GC heap after
{Heap after GC invocations=47 (full 0):
 garbage-first heap   total 230400K, used 119627K [0x0000000080000000, 0x0000000100000000)
  region size 1024K, 8 young (8192K), 8 survivors (8192K)
 Metaspace       used 117900K, committed 120064K, reserved 1179648K
  class space    used 15978K, committed 17088K, reserved 1048576K
}
Event: 14.352 GC heap before
{Heap before GC invocations=47 (full 0):
 garbage-first heap   total 230400K, used 207691K [0x0000000080000000, 0x0000000100000000)
  region size 1024K, 95 young (97280K), 8 survivors (8192K)
 Metaspace       used 119081K, committed 121344K, reserved 1179648K
  class space    used 16098K, committed 17216K, reserved 1048576K
}
Event: 14.360 GC heap after
{Heap after GC invocations=48 (full 0):
 garbage-first heap   total 230400K, used 117040K [0x0000000080000000, 0x0000000100000000)
  region size 1024K, 6 young (6144K), 6 survivors (6144K)
 Metaspace       used 119081K, committed 121344K, reserved 1179648K
  class space    used 16098K, committed 17216K, reserved 1048576K
}
Event: 15.271 GC heap before
{Heap before GC invocations=48 (full 0):
 garbage-first heap   total 230400K, used 210224K [0x0000000080000000, 0x0000000100000000)
  region size 1024K, 98 young (100352K), 6 survivors (6144K)
 Metaspace       used 122288K, committed 124544K, reserved 1179648K
  class space    used 16470K, committed 17600K, reserved 1048576K
}
Event: 15.278 GC heap after
{Heap after GC invocations=49 (full 0):
 garbage-first heap   total 230400K, used 120945K [0x0000000080000000, 0x0000000100000000)
  region size 1024K, 10 young (10240K), 10 survivors (10240K)
 Metaspace       used 122288K, committed 124544K, reserved 1179648K
  class space    used 16470K, committed 17600K, reserved 1048576K
}
Event: 15.611 GC heap before
{Heap before GC invocations=50 (full 0):
 garbage-first heap   total 230400K, used 205937K [0x0000000080000000, 0x0000000100000000)
  region size 1024K, 94 young (96256K), 10 survivors (10240K)
 Metaspace       used 124002K, committed 126208K, reserved 1179648K
  class space    used 16708K, committed 17856K, reserved 1048576K
}
Event: 15.621 GC heap after
{Heap after GC invocations=51 (full 0):
 garbage-first heap   total 230400K, used 128705K [0x0000000080000000, 0x0000000100000000)
  region size 1024K, 10 young (10240K), 10 survivors (10240K)
 Metaspace       used 124002K, committed 126208K, reserved 1179648K
  class space    used 16708K, committed 17856K, reserved 1048576K
}
Event: 16.115 GC heap before
{Heap before GC invocations=51 (full 0):
 garbage-first heap   total 230400K, used 206529K [0x0000000080000000, 0x0000000100000000)
  region size 1024K, 87 young (89088K), 10 survivors (10240K)
 Metaspace       used 128130K, committed 130368K, reserved 1179648K
  class space    used 17294K, committed 18432K, reserved 1048576K
}

