# JRE version: OpenJDK Runtime Environment (21.0.6) (build 21.0.6+-13355223-b631.42)
# Java VM: OpenJDK 64-Bit Server VM (21.0.6+-13355223-b631.42, mixed mode, tiered, compressed oops, compressed class ptrs, g1 gc, windows-amd64)
GC Precious Log:
 CardTable entry size: 512
 Card Set container configuration: InlinePtr #cards 5 size 8 Array Of Cards #cards 12 size 40 Howl #buckets 4 coarsen threshold 1843 Howl Bitmap #cards 512 size 80 coarsen threshold 460 Card regions per heap region 1 cards per card region 2048
 CPUs: 16 total, 16 available
 Memory: 15791M
 Large Page Support: Disabled
 NUMA Support: Disabled
 Compressed Oops: Enabled (32-bit)
 Heap Region Size: 1M
 Heap Min Capacity: 8M
 Heap Initial Capacity: 248M
 Heap Max Capacity: 2G
 Pre-touch: Disabled
 Parallel Workers: 13
 Concurrent Workers: 3
 Concurrent Refinement Workers: 13
 Periodic GC: Disabled
Heap:
 garbage-first heap   total 201728K, used 133979K [0x0000000080000000, 0x0000000100000000)
  region size 1024K, 18 young (18432K), 9 survivors (9216K)
 Metaspace       used 117825K, committed 120000K, reserved 1179648K
  class space    used 16162K, committed 17280K, reserved 1048576K
GC Heap History (20 events):
Event: 9.739 GC heap before
{Heap before GC invocations=32 (full 0):
 garbage-first heap   total 158720K, used 143564K [0x0000000080000000, 0x0000000100000000)
  region size 1024K, 54 young (55296K), 4 survivors (4096K)
 Metaspace       used 100273K, committed 102272K, reserved 1179648K
  class space    used 13691K, committed 14656K, reserved 1048576K
}
Event: 9.743 GC heap after
{Heap after GC invocations=33 (full 0):
 garbage-first heap   total 158720K, used 93787K [0x0000000080000000, 0x0000000100000000)
  region size 1024K, 6 young (6144K), 6 survivors (6144K)
 Metaspace       used 100273K, committed 102272K, reserved 1179648K
  class space    used 13691K, committed 14656K, reserved 1048576K
}
Event: 10.150 GC heap before
{Heap before GC invocations=33 (full 0):
 garbage-first heap   total 158720K, used 141915K [0x0000000080000000, 0x0000000100000000)
  region size 1024K, 53 young (54272K), 6 survivors (6144K)
 Metaspace       used 104195K, committed 106240K, reserved 1179648K
  class space    used 14254K, committed 15296K, reserved 1048576K
}
Event: 10.155 GC heap after
{Heap after GC invocations=34 (full 0):
 garbage-first heap   total 158720K, used 96410K [0x0000000080000000, 0x0000000100000000)
  region size 1024K, 6 young (6144K), 6 survivors (6144K)
 Metaspace       used 104195K, committed 106240K, reserved 1179648K
  class space    used 14254K, committed 15296K, reserved 1048576K
}
Event: 10.624 GC heap before
{Heap before GC invocations=35 (full 0):
 garbage-first heap   total 163840K, used 142490K [0x0000000080000000, 0x0000000100000000)
  region size 1024K, 51 young (52224K), 6 survivors (6144K)
 Metaspace       used 108145K, committed 110272K, reserved 1179648K
  class space    used 14826K, committed 15936K, reserved 1048576K
}
Event: 10.629 GC heap after
{Heap after GC invocations=36 (full 0):
 garbage-first heap   total 163840K, used 99197K [0x0000000080000000, 0x0000000100000000)
  region size 1024K, 6 young (6144K), 6 survivors (6144K)
 Metaspace       used 108145K, committed 110272K, reserved 1179648K
  class space    used 14826K, committed 15936K, reserved 1048576K
}
Event: 11.149 GC heap before
{Heap before GC invocations=36 (full 0):
 garbage-first heap   total 163840K, used 147325K [0x0000000080000000, 0x0000000100000000)
  region size 1024K, 54 young (55296K), 6 survivors (6144K)
 Metaspace       used 111472K, committed 113664K, reserved 1179648K
  class space    used 15318K, committed 16448K, reserved 1048576K
}
Event: 11.157 GC heap after
{Heap after GC invocations=37 (full 0):
 garbage-first heap   total 163840K, used 103922K [0x0000000080000000, 0x0000000100000000)
  region size 1024K, 7 young (7168K), 7 survivors (7168K)
 Metaspace       used 111472K, committed 113664K, reserved 1179648K
  class space    used 15318K, committed 16448K, reserved 1048576K
}
Event: 11.374 GC heap before
{Heap before GC invocations=37 (full 0):
 garbage-first heap   total 163840K, used 147954K [0x0000000080000000, 0x0000000100000000)
  region size 1024K, 50 young (51200K), 7 survivors (7168K)
 Metaspace       used 111675K, committed 113856K, reserved 1179648K
  class space    used 15330K, committed 16448K, reserved 1048576K
}
Event: 11.381 GC heap after
{Heap after GC invocations=38 (full 0):
 garbage-first heap   total 196608K, used 110521K [0x0000000080000000, 0x0000000100000000)
  region size 1024K, 6 young (6144K), 6 survivors (6144K)
 Metaspace       used 111675K, committed 113856K, reserved 1179648K
  class space    used 15330K, committed 16448K, reserved 1048576K
}
Event: 11.741 GC heap before
{Heap before GC invocations=39 (full 0):
 garbage-first heap   total 196608K, used 175033K [0x0000000080000000, 0x0000000100000000)
  region size 1024K, 70 young (71680K), 6 survivors (6144K)
 Metaspace       used 112204K, committed 114304K, reserved 1179648K
  class space    used 15435K, committed 16512K, reserved 1048576K
}
Event: 11.746 GC heap after
{Heap after GC invocations=40 (full 0):
 garbage-first heap   total 196608K, used 113306K [0x0000000080000000, 0x0000000100000000)
  region size 1024K, 5 young (5120K), 5 survivors (5120K)
 Metaspace       used 112204K, committed 114304K, reserved 1179648K
  class space    used 15435K, committed 16512K, reserved 1048576K
}
Event: 12.097 GC heap before
{Heap before GC invocations=40 (full 0):
 garbage-first heap   total 196608K, used 178842K [0x0000000080000000, 0x0000000100000000)
  region size 1024K, 70 young (71680K), 5 survivors (5120K)
 Metaspace       used 112551K, committed 114752K, reserved 1179648K
  class space    used 15480K, committed 16576K, reserved 1048576K
}
Event: 12.103 GC heap after
{Heap after GC invocations=41 (full 0):
 garbage-first heap   total 196608K, used 115054K [0x0000000080000000, 0x0000000100000000)
  region size 1024K, 8 young (8192K), 8 survivors (8192K)
 Metaspace       used 112551K, committed 114752K, reserved 1179648K
  class space    used 15480K, committed 16576K, reserved 1048576K
}
Event: 12.620 GC heap before
{Heap before GC invocations=41 (full 0):
 garbage-first heap   total 196608K, used 175470K [0x0000000080000000, 0x0000000100000000)
  region size 1024K, 68 young (69632K), 8 survivors (8192K)
 Metaspace       used 115431K, committed 117696K, reserved 1179648K
  class space    used 15816K, committed 16960K, reserved 1048576K
}
Event: 12.627 GC heap after
{Heap after GC invocations=42 (full 0):
 garbage-first heap   total 196608K, used 119695K [0x0000000080000000, 0x0000000100000000)
  region size 1024K, 7 young (7168K), 7 survivors (7168K)
 Metaspace       used 115431K, committed 117696K, reserved 1179648K
  class space    used 15816K, committed 16960K, reserved 1048576K
}
Event: 12.837 GC heap before
{Heap before GC invocations=43 (full 0):
 garbage-first heap   total 201728K, used 176015K [0x0000000080000000, 0x0000000100000000)
  region size 1024K, 63 young (64512K), 7 survivors (7168K)
 Metaspace       used 116026K, committed 118208K, reserved 1179648K
  class space    used 15906K, committed 17024K, reserved 1048576K
}
Event: 12.842 GC heap after
{Heap after GC invocations=44 (full 0):
 garbage-first heap   total 201728K, used 122331K [0x0000000080000000, 0x0000000100000000)
  region size 1024K, 5 young (5120K), 5 survivors (5120K)
 Metaspace       used 116026K, committed 118208K, reserved 1179648K
  class space    used 15906K, committed 17024K, reserved 1048576K
}
Event: 13.031 GC heap before
{Heap before GC invocations=44 (full 0):
 garbage-first heap   total 201728K, used 183771K [0x0000000080000000, 0x0000000100000000)
  region size 1024K, 66 young (67584K), 5 survivors (5120K)
 Metaspace       used 117242K, committed 119424K, reserved 1179648K
  class space    used 16079K, committed 17216K, reserved 1048576K
}
Event: 13.038 GC heap after
{Heap after GC invocations=45 (full 0):
 garbage-first heap   total 201728K, used 126811K [0x0000000080000000, 0x0000000100000000)
  region size 1024K, 9 young (9216K), 9 survivors (9216K)
 Metaspace       used 117242K, committed 119424K, reserved 1179648K
  class space    used 16079K, committed 17216K, reserved 1048576K
}

